<?xml version="1.0" encoding="UTF-8"?>
<!-- Generated by org.testng.reporters.JUnitReportReporter -->
<testsuite hostname="Somashekars-iMac.local" failures="0" tests="3" name="testngsessions.com.AlertsDemo" time="3.455" errors="0" timestamp="2024-01-16T20:59:50 IST" skipped="0">
  <testcase classname="testngsessions.com.AlertsDemo" name="clickOnAlertButton" time="0.410"/>
  <system-out/>
  <testcase classname="testngsessions.com.AlertsDemo" name="getTextJSAlert" time="0.018"/>
  <system-out/>
  <testcase classname="testngsessions.com.AlertsDemo" name="clickOnOkJSAlert" time="3.027"/>
  <system-out/>
</testsuite> <!-- testngsessions.com.AlertsDemo -->
