<?xml version="1.0" encoding="UTF-8"?>
<!-- Generated by org.testng.reporters.JUnitReportReporter -->
<testsuite hostname="Somashekars-iMac.local" failures="0" tests="3" name="testngsessions.com.AlertDemo2" time="3.438" errors="0" timestamp="2024-01-16T21:07:00 IST" skipped="0">
  <testcase classname="testngsessions.com.AlertDemo2" name="clickOnAlertButton" time="0.404"/>
  <system-out/>
  <testcase classname="testngsessions.com.AlertDemo2" name="getTextJSAlert" time="0.019"/>
  <system-out/>
  <testcase classname="testngsessions.com.AlertDemo2" name="clickOnCancelJSAlert" time="3.015"/>
  <system-out/>
</testsuite> <!-- testngsessions.com.AlertDemo2 -->
