<?xml version="1.0" encoding="UTF-8"?>
<!-- Generated by org.testng.reporters.JUnitReportReporter -->
<testsuite hostname="Somashekars-iMac.local" failures="0" tests="1" name="testngsessions.com.ActionDemo" time="0.073" errors="0" timestamp="2024-01-18T21:24:54 IST" skipped="0">
  <testcase classname="testngsessions.com.ActionDemo" name="keysConceptDemo" time="0.073"/>
  <system-out/>
</testsuite> <!-- testngsessions.com.ActionDemo -->
