<?xml version="1.0" encoding="UTF-8"?>
<!-- Generated by org.testng.reporters.JUnitReportReporter -->
<testsuite hostname="Somashekars-iMac.local" failures="0" tests="1" name="testngsessions.com.DropdownDemo" time="16.203" errors="0" timestamp="2024-01-17T21:08:22 IST" skipped="0">
  <testcase classname="testngsessions.com.DropdownDemo" name="selectValueFromDropDown" time="16.203"/>
  <system-out/>
</testsuite> <!-- testngsessions.com.DropdownDemo -->
