<?xml version="1.0" encoding="UTF-8"?>
<!-- Generated by org.testng.reporters.JUnitReportReporter -->
<testsuite hostname="Somashekars-iMac.local" failures="0" tests="3" name="com.nucot.qa.hrm.pagetests.LoginPageTest" time="4.338" errors="0" timestamp="2024-01-28T11:34:22 IST" skipped="0">
  <testcase classname="com.nucot.qa.hrm.pagetests.LoginPageTest" name="loginPageTitleTest" time="0.017"/>
  <system-out/>
  <testcase classname="com.nucot.qa.hrm.pagetests.LoginPageTest" name="loginPageCurrentUrlTest" time="0.009"/>
  <system-out/>
  <testcase classname="com.nucot.qa.hrm.pagetests.LoginPageTest" name="doLoginPageTest" time="4.312"/>
  <system-out/>
</testsuite> <!-- com.nucot.qa.hrm.pagetests.LoginPageTest -->
