<?xml version="1.0" encoding="UTF-8"?>
<!-- Generated by org.testng.reporters.JUnitReportReporter -->
<testsuite hostname="Somashekars-iMac.local" failures="0" tests="1" name="testngsessions.com.BasicAuthDemo" time="7.589" errors="0" timestamp="2024-01-16T21:20:09 IST" skipped="0">
  <testcase classname="testngsessions.com.BasicAuthDemo" name="handlingBasicAuth" time="7.589"/>
  <system-out/>
</testsuite> <!-- testngsessions.com.BasicAuthDemo -->
