<?xml version="1.0" encoding="UTF-8"?>
<!-- Generated by org.testng.reporters.JUnitReportReporter -->
<testsuite hostname="Somashekars-iMac.local" failures="0" tests="3" name="testngsessions.com.FBLoginPage" time="41.785" errors="0" timestamp="2024-01-11T21:38:18 IST" skipped="0">
  <testcase classname="testngsessions.com.FBLoginPage" name="titleOfPage" time="12.395"/>
  <system-out/>
  <testcase classname="testngsessions.com.FBLoginPage" name="currentUrlOfPage" time="11.642"/>
  <system-out/>
  <testcase classname="testngsessions.com.FBLoginPage" name="loginpage" time="17.748"/>
  <system-out/>
</testsuite> <!-- testngsessions.com.FBLoginPage -->
