<?xml version="1.0" encoding="UTF-8"?>
<!-- Generated by org.testng.reporters.JUnitReportReporter -->
<testsuite hostname="Somashekars-iMac.local" failures="0" tests="3" name="testngsessions.com.Invocationordertestng" time="0.014" errors="0" timestamp="2024-01-10T20:58:47 IST" skipped="0">
  <testcase classname="testngsessions.com.Invocationordertestng" name="test1" time="0.008"/>
  <system-out/>
  <testcase classname="testngsessions.com.Invocationordertestng" name="test2" time="0.005"/>
  <system-out/>
  <testcase classname="testngsessions.com.Invocationordertestng" name="test3" time="0.001"/>
  <system-out/>
</testsuite> <!-- testngsessions.com.Invocationordertestng -->
