<?xml version="1.0" encoding="UTF-8"?>
<!-- Generated by org.testng.reporters.JUnitReportReporter -->
<testsuite hostname="Somashekars-iMac.local" failures="0" tests="1" name="testngsessions.com.TestngDemo2" time="0.008" errors="0" timestamp="2024-01-10T21:02:40 IST" skipped="0">
  <testcase classname="testngsessions.com.TestngDemo2" name="test1" time="0.008"/>
  <system-out/>
</testsuite> <!-- testngsessions.com.TestngDemo2 -->
