<?xml version="1.0" encoding="UTF-8"?>
<!-- Generated by org.testng.reporters.JUnitReportReporter -->
<testsuite hostname="Somashekars-iMac.local" failures="0" tests="3" name="testngsessions.com.AlertDemo3" time="3.481" errors="0" timestamp="2024-01-16T21:10:58 IST" skipped="0">
  <testcase classname="testngsessions.com.AlertDemo3" name="clickOnAlertButton" time="0.432"/>
  <system-out/>
  <testcase classname="testngsessions.com.AlertDemo3" name="passValueToJSAlertPrompt" time="0.019"/>
  <system-out/>
  <testcase classname="testngsessions.com.AlertDemo3" name="clickOnOkPromptJSAlert" time="3.030"/>
  <system-out/>
</testsuite> <!-- testngsessions.com.AlertDemo3 -->
