<?xml version="1.0" encoding="UTF-8"?>
<!-- Generated by org.testng.reporters.JUnitReportReporter -->
<testsuite hostname="Somashekars-iMac.local" failures="0" tests="1" name="testngsessions.com.ActionDemo3" time="14.449" errors="0" timestamp="2024-01-18T21:42:15 IST" skipped="0">
  <testcase classname="testngsessions.com.ActionDemo3" name="keyCopyPasteDemo" time="14.449"/>
  <system-out/>
</testsuite> <!-- testngsessions.com.ActionDemo3 -->
