<?xml version="1.0" encoding="UTF-8"?>
<!-- Generated by org.testng.reporters.JUnitReportReporter -->
<testsuite hostname="Somashekars-iMac.local" failures="0" tests="3" name="testngsessions.com.Loginpage" time="38.135" errors="0" timestamp="2024-01-22T09:18:42 IST" skipped="0">
  <testcase classname="testngsessions.com.Loginpage" name="titleOfPage" time="6.963"/>
  <system-out/>
  <testcase classname="testngsessions.com.Loginpage" name="currentUrlOfPage" time="10.283"/>
  <system-out/>
  <testcase classname="testngsessions.com.Loginpage" name="loginpage" time="20.889"/>
  <system-out/>
</testsuite> <!-- testngsessions.com.Loginpage -->
