<?xml version="1.0" encoding="UTF-8"?>
<!-- Generated by org.testng.reporters.JUnitReportReporter -->
<testsuite hostname="Somashekars-iMac.local" failures="0" tests="1" name="testngsessions.com.ActionDemo4" time="12.880" errors="0" timestamp="2024-01-18T21:45:41 IST" skipped="0">
  <testcase classname="testngsessions.com.ActionDemo4" name="keyCopyPasteDemo" time="12.880"/>
  <system-out/>
</testsuite> <!-- testngsessions.com.ActionDemo4 -->
