<?xml version="1.0" encoding="UTF-8"?>
<!-- Generated by org.testng.reporters.JUnitReportReporter -->
<testsuite hostname="Somashekars-iMac.local" failures="0" tests="2" name="testngsessions.com.FluentwaitDemo" time="14.745" errors="0" timestamp="2024-01-11T22:09:40 IST" skipped="0">
  <testcase classname="testngsessions.com.FluentwaitDemo" name="titleOfPage" time="8.251"/>
  <system-out/>
  <testcase classname="testngsessions.com.FluentwaitDemo" name="currentUrlOfPage" time="6.494"/>
  <system-out/>
</testsuite> <!-- testngsessions.com.FluentwaitDemo -->
