<?xml version="1.0" encoding="UTF-8"?>
<!-- Generated by org.testng.reporters.JUnitReportReporter -->
<testsuite hostname="Somashekars-iMac.local" failures="0" tests="2" name="testngsessions.com.ActionDemo2" time="17.265" errors="0" timestamp="2024-01-18T21:29:36 IST" skipped="0">
  <testcase classname="testngsessions.com.ActionDemo2" name="scrollDown" time="7.818"/>
  <system-out/>
  <testcase classname="testngsessions.com.ActionDemo2" name="scrollUP" time="9.447"/>
  <system-out/>
</testsuite> <!-- testngsessions.com.ActionDemo2 -->
