<?xml version="1.0" encoding="UTF-8"?>
<!-- Generated by org.testng.reporters.JUnitReportReporter -->
<testsuite hostname="Somashekars-iMac.local" failures="0" tests="2" name="testngsessions.com.ExplicitDemo" time="15.846" errors="0" timestamp="2024-01-11T22:01:37 IST" skipped="0">
  <testcase classname="testngsessions.com.ExplicitDemo" name="titleOfPage" time="8.810"/>
  <system-out/>
  <testcase classname="testngsessions.com.ExplicitDemo" name="currentUrlOfPage" time="7.036"/>
  <system-out/>
</testsuite> <!-- testngsessions.com.ExplicitDemo -->
